<?xml version="1.0" encoding="UTF-8"?>
<testsuite xmlns:xsi="http://www.w3.org/2001/XMLSchema-instance" xsi:noNamespaceSchemaLocation="https://maven.apache.org/surefire/maven-surefire-plugin/xsd/surefire-test-report-3.0.xsd" version="3.0" name="TestSuite" time="273.284" tests="26" errors="0" skipped="0" failures="0">
  <properties>
[...]
</properties>
  <testcase name="verify_logging_in_without_providing_credentials" classname="tests.UserLogin" time="9.442">
    <system-out><![CDATA[[TestNGContentHandler] [WARN] It is strongly recommended to add "<!DOCTYPE suite SYSTEM "http://testng.org/testng-1.0.dtd" >" at the top of your file, otherwise TestNG may fail or not work as expected.
User can't log into the application without providing any credentials
]]></system-out>
    <system-err><![CDATA[Jan 07, 2022 4:44:13 PM io.appium.java_client.remote.AppiumCommandExecutor$1 lambda$0
INFO: Detected dialect: W3C
]]></system-err>
  </testcase>
  <testcase name="verify_logging_in_with_invalid_email_and_invalid_password" classname="tests.UserLogin" time="7.449">
    <system-out><![CDATA[User can't log into the application by providing invalid credentials
]]></system-out>
  </testcase>
  <testcase name="verify_logging_in_with_invalid_email_and_valid_password" classname="tests.UserLogin" time="7.381">
    <system-out><![CDATA[User can't log into the application using invalid email address and valid Password
]]></system-out>
  </testcase>
  <testcase name="verify_logging_in_with_valid_email_and_invalid_password" classname="tests.UserLogin" time="7.383">
    <system-out><![CDATA[User can't log into the application using valid email address and invalid Password
]]></system-out>
  </testcase>
  <testcase name="verify_logging_in_with_valid_email_and_valid_password" classname="tests.UserLogin" time="7.154">
    <system-out><![CDATA[User can log into the application using valid email address and valid Password
]]></system-out>
  </testcase>
  <testcase name="verify_logging_out_by_logout_option_in_side_menu" classname="tests.Logout" time="18.705">
    <system-out><![CDATA[User can logout from the application by using side menu 'Logout' option
]]></system-out>
    <system-err><![CDATA[Jan 07, 2022 4:45:03 PM io.appium.java_client.remote.AppiumCommandExecutor$1 lambda$0
INFO: Detected dialect: W3C
]]></system-err>
  </testcase>
  <testcase name="verify_error_when_providing_a_null_value_for_email" classname="tests.ForgotPassword" time="10.675">
    <system-out><![CDATA[User can't leave 'email' empty when resetting password
]]></system-out>
    <system-err><![CDATA[Jan 07, 2022 4:45:32 PM io.appium.java_client.remote.AppiumCommandExecutor$1 lambda$0
INFO: Detected dialect: W3C
]]></system-err>
  </testcase>
  <testcase name="verify_error_when_providing_an_invalid_email" classname="tests.ForgotPassword" time="3.253">
    <system-out><![CDATA[User can't providing an invalid email when resetting password
]]></system-out>
  </testcase>
  <testcase name="verify_error_when_providing_an_unregistered_email" classname="tests.ForgotPassword" time="3.263">
    <system-out><![CDATA[User can't providing an unregistered email when resetting password
]]></system-out>
  </testcase>
  <testcase name="verify_email_is_sent_when_providing_a_valid_email_address" classname="tests.ForgotPassword" time="3.787">
    <system-out><![CDATA[User can reset the password by providing a valid email address
]]></system-out>
  </testcase>
  <testcase name="verify_error_when_providing_null_values_for_all_fields" classname="tests.UserRegistration" time="11.673">
    <system-out><![CDATA[User can't leave all required fields empty when registering
]]></system-out>
    <system-err><![CDATA[Jan 07, 2022 4:46:04 PM io.appium.java_client.remote.AppiumCommandExecutor$1 lambda$0
INFO: Detected dialect: W3C
]]></system-err>
  </testcase>
  <testcase name="verify_error_when_providing_a_null_value_for_name" classname="tests.UserRegistration" time="11.997">
    <system-out><![CDATA[User can't provide a null value for 'name' when registering
]]></system-out>
  </testcase>
  <testcase name="verify_error_when_providing_a_null_value_for_email" classname="tests.UserRegistration" time="10.003">
    <system-out><![CDATA[User can't provide a null value for 'email' when registering
]]></system-out>
  </testcase>
  <testcase name="verify_error_when_providing_an_invalid__email" classname="tests.UserRegistration" time="10.65">
    <system-out><![CDATA[User can't provide an invalid 'email' when registering
]]></system-out>
  </testcase>
  <testcase name="verify_error_when_providing_an_email_that_is_already_in_use" classname="tests.UserRegistration" time="11.628">
    <system-out><![CDATA[User can't provide an  'email' that is already in use to register
]]></system-out>
  </testcase>
  <testcase name="verify_error_when_providing_a_null_value_for_mobile_number" classname="tests.UserRegistration" time="10.283">
    <system-out><![CDATA[User can't provide a null value for 'mobile number' when registering
]]></system-out>
  </testcase>
  <testcase name="verify_error_when_providing_an_invalid_mobile_number" classname="tests.UserRegistration" time="11.12">
    <system-out><![CDATA[User can't provide an invalid 'mobile number' when registering
]]></system-out>
  </testcase>
  <testcase name="verify_error_when_providing_a_null_value_for_password" classname="tests.UserRegistration" time="7.933">
    <system-out><![CDATA[User can't provide a null value for 'password' when registering
]]></system-out>
  </testcase>
  <testcase name="verify_error_when_providing_a_password_less_than_6_characters" classname="tests.UserRegistration" time="11.729">
    <system-out><![CDATA[User can't provide a 'password' less than 6 characters when registering
]]></system-out>
  </testcase>
  <testcase name="verify_error_when_password_and_confirm_password_doesnt_match" classname="tests.UserRegistration" time="10.653">
    <system-out><![CDATA[User can't provide unmatching values for 'password' and 'confirm password' when registering
]]></system-out>
  </testcase>
  <testcase name="verify_successful_register_by_providing_all_valid_values[akilatest11@yahoo.com](1)" classname="tests.UserRegistration" time="8.286">
    <system-out><![CDATA[User successfully registered to the system
]]></system-out>
  </testcase>
  <testcase name="selecting_the_first_item_from_the_menu" classname="tests.OrderItem" time="7.892">
    <system-out><![CDATA[First item of the menu is selected
]]></system-out>
    <system-err><![CDATA[Jan 07, 2022 4:48:11 PM io.appium.java_client.remote.AppiumCommandExecutor$1 lambda$0
INFO: Detected dialect: W3C
]]></system-err>
  </testcase>
  <testcase name="increase_the_quantity_of_the_item_selected" classname="tests.OrderItem" time="5.166">
    <system-out><![CDATA[Quantity of the food item is increased by two
]]></system-out>
  </testcase>
  <testcase name="decreased_the_quantity_of_the_item_selected" classname="tests.OrderItem" time="2.069">
    <system-out><![CDATA[Quantity of the food item is decreased by one
]]></system-out>
  </testcase>
  <testcase name="add_the_selected_item_to_the_cart" classname="tests.OrderItem" time="5.14">
    <system-out><![CDATA[Selected item is added to the cart
]]></system-out>
  </testcase>
  <testcase name="remove_the_selected_item_from_the_cart" classname="tests.OrderItem" time="2.118">
    <system-out><![CDATA[Added item is removed to the cart
]]></system-out>
  </testcase>
</testsuite>