<?xml version="1.0" encoding="UTF-8"?>
<!-- Generated by org.testng.reporters.JUnitXMLReporter -->
<testsuite ignored="0" hostname="DESKTOP-AQPL7T6" failures="0" tests="26" name="Functional Test Automation" time="272.199" errors="0" timestamp="07 Jan 2022 11:18:39 GMT">
  <testcase classname="tests.UserLogin" name="verify_logging_in_without_providing_credentials" time="9.444"/>
  <testcase classname="tests.UserLogin" name="verify_logging_in_with_invalid_email_and_invalid_password" time="7.449"/>
  <testcase classname="tests.UserLogin" name="verify_logging_in_with_invalid_email_and_valid_password" time="7.382"/>
  <testcase classname="tests.UserLogin" name="verify_logging_in_with_valid_email_and_invalid_password" time="7.382"/>
  <testcase classname="tests.UserLogin" name="verify_logging_in_with_valid_email_and_valid_password" time="7.155"/>
  <testcase classname="tests.Logout" name="verify_logging_out_by_logout_option_in_side_menu" time="18.706"/>
  <testcase classname="tests.ForgotPassword" name="verify_error_when_providing_a_null_value_for_email" time="10.674"/>
  <testcase classname="tests.ForgotPassword" name="verify_error_when_providing_an_invalid_email" time="3.252"/>
  <testcase classname="tests.ForgotPassword" name="verify_error_when_providing_an_unregistered_email" time="3.262"/>
  <testcase classname="tests.ForgotPassword" name="verify_email_is_sent_when_providing_a_valid_email_address" time="3.786"/>
  <testcase classname="tests.UserRegistration" name="verify_error_when_providing_null_values_for_all_fields" time="11.674"/>
  <testcase classname="tests.UserRegistration" name="verify_error_when_providing_a_null_value_for_name" time="11.998"/>
  <testcase classname="tests.UserRegistration" name="verify_error_when_providing_a_null_value_for_email" time="10.002"/>
  <testcase classname="tests.UserRegistration" name="verify_error_when_providing_an_invalid__email" time="10.649"/>
  <testcase classname="tests.UserRegistration" name="verify_error_when_providing_an_email_that_is_already_in_use" time="11.628"/>
  <testcase classname="tests.UserRegistration" name="verify_error_when_providing_a_null_value_for_mobile_number" time="10.282"/>
  <testcase classname="tests.UserRegistration" name="verify_error_when_providing_an_invalid_mobile_number" time="11.119"/>
  <testcase classname="tests.UserRegistration" name="verify_error_when_providing_a_null_value_for_password" time="7.933"/>
  <testcase classname="tests.UserRegistration" name="verify_error_when_providing_a_password_less_than_6_characters" time="11.729"/>
  <testcase classname="tests.UserRegistration" name="verify_error_when_password_and_confirm_password_doesnt_match" time="10.653"/>
  <testcase classname="tests.UserRegistration" name="verify_successful_register_by_providing_all_valid_values" time="8.286"/>
  <testcase classname="tests.OrderItem" name="selecting_the_first_item_from_the_menu" time="7.892"/>
  <testcase classname="tests.OrderItem" name="increase_the_quantity_of_the_item_selected" time="5.165"/>
  <testcase classname="tests.OrderItem" name="decreased_the_quantity_of_the_item_selected" time="2.069"/>
  <testcase classname="tests.OrderItem" name="add_the_selected_item_to_the_cart" time="5.14"/>
  <testcase classname="tests.OrderItem" name="remove_the_selected_item_from_the_cart" time="2.119"/>
</testsuite> <!-- Functional Test Automation -->
